生成启动时间为 2012/12/18 11:08:43。
     1>项目“E:\project\maze\maze\maze.vcxproj”在节点 2 上(build 个目标)。
     1>PrepareForBuild:
         正在创建目录“E:\project\maze\Debug\”。
       InitializeBuildStatus:
         正在创建“Debug\maze.unsuccessfulbuild”，因为已指定“AlwaysCreate”。
       ClCompile:
         D:\software\Visual\VC\bin\CL.exe /c /ZI /nologo /W3 /WX- /Od /Oy- /D WIN32 /D _DEBUG /D _CONSOLE /D _UNICODE /D UNICODE /Gm /EHsc /RTC1 /MDd /GS /fp:precise /Zc:wchar_t /Zc:forScope /Fo"Debug\\" /Fd"Debug\vc100.pdb" /Gd /TP /analyze- /errorReport:prompt func.cpp main.cpp
         main.cpp
         func.cpp
         正在生成代码...
       ManifestResourceCompile:
         C:\Program Files (x86)\Microsoft SDKs\Windows\v7.0A\bin\rc.exe /nologo /fo"Debug\maze.exe.embed.manifest.res" Debug\maze_manifest.rc 
       Link:
         D:\software\Visual\VC\bin\link.exe /ERRORREPORT:PROMPT /OUT:"E:\project\maze\Debug\maze.exe" /INCREMENTAL /NOLOGO kernel32.lib user32.lib gdi32.lib winspool.lib comdlg32.lib advapi32.lib shell32.lib ole32.lib oleaut32.lib uuid.lib odbc32.lib odbccp32.lib /MANIFEST /ManifestFile:"Debug\maze.exe.intermediate.manifest" /MANIFESTUAC:"level='asInvoker' uiAccess='false'" /DEBUG /PDB:"E:\project\maze\Debug\maze.pdb" /SUBSYSTEM:CONSOLE /TLBID:1 /DYNAMICBASE /NXCOMPAT /IMPLIB:"E:\project\maze\Debug\maze.lib" /MACHINE:X86 Debug\maze.exe.embed.manifest.res
         Debug\func.obj
         Debug\main.obj
       Manifest:
         C:\Program Files (x86)\Microsoft SDKs\Windows\v7.0A\bin\mt.exe /nologo /verbose /out:"Debug\maze.exe.embed.manifest" /manifest Debug\maze.exe.intermediate.manifest
         C:\Program Files (x86)\Microsoft SDKs\Windows\v7.0A\bin\rc.exe /nologo /fo"Debug\maze.exe.embed.manifest.res" Debug\maze_manifest.rc 
       LinkEmbedManifest:
         D:\software\Visual\VC\bin\link.exe /ERRORREPORT:PROMPT /OUT:"E:\project\maze\Debug\maze.exe" /INCREMENTAL /NOLOGO kernel32.lib user32.lib gdi32.lib winspool.lib comdlg32.lib advapi32.lib shell32.lib ole32.lib oleaut32.lib uuid.lib odbc32.lib odbccp32.lib /MANIFEST /ManifestFile:"Debug\maze.exe.intermediate.manifest" /MANIFESTUAC:"level='asInvoker' uiAccess='false'" /DEBUG /PDB:"E:\project\maze\Debug\maze.pdb" /SUBSYSTEM:CONSOLE /TLBID:1 /DYNAMICBASE /NXCOMPAT /IMPLIB:"E:\project\maze\Debug\maze.lib" /MACHINE:X86 Debug\maze.exe.embed.manifest.res
         Debug\func.obj
         Debug\main.obj
         maze.vcxproj -> E:\project\maze\Debug\maze.exe
       CopyFilesToOutputDirectory:
         正在将文件从“Debug\maze.pdb”复制到“E:\project\maze\Debug\maze.pdb”。
       FinalizeBuildStatus:
         正在删除文件“Debug\maze.unsuccessfulbuild”。
         正在对“Debug\maze.lastbuildstate”执行 Touch 任务。
     1>已完成生成项目“E:\project\maze\maze\maze.vcxproj”(build 个目标)的操作。

生成成功。

已用时间 00:00:01.59
