生成启动时间为 2012/12/15 17:46:37。
     1>项目“E:\project\maze\maze\maze\maze.vcxproj”在节点 2 上(build 个目标)。
     1>InitializeBuildStatus:
         正在创建“Debug\maze.unsuccessfulbuild”，因为已指定“AlwaysCreate”。
       ClCompile:
         D:\software\Visual\VC\bin\CL.exe /c /ZI /nologo /W3 /WX- /Od /Oy- /D WIN32 /D _DEBUG /D _CONSOLE /D _MBCS /Gm /EHsc /RTC1 /MDd /GS /fp:precise /Zc:wchar_t /Zc:forScope /Fo"Debug\\" /Fd"Debug\vc100.pdb" /Gd /TP /analyze- /errorReport:prompt function.cpp
         function.cpp
     1>e:\project\maze\maze\maze\function.cpp(342): warning C4996: 'fopen': This function or variable may be unsafe. Consider using fopen_s instead. To disable deprecation, use _CRT_SECURE_NO_WARNINGS. See online help for details.
                 d:\software\visual\vc\include\stdio.h(234) : 参见“fopen”的声明
     1>e:\project\maze\maze\maze\function.cpp(206): warning C4715: “init”: 不是所有的控件路径都返回值
       ManifestResourceCompile:
         所有输出均为最新。
       Link:
         D:\software\Visual\VC\bin\link.exe /ERRORREPORT:PROMPT /OUT:"E:\project\maze\maze\Debug\maze.exe" /INCREMENTAL /NOLOGO opengl32.lib glu32.lib glaux.lib kernel32.lib user32.lib gdi32.lib winspool.lib comdlg32.lib advapi32.lib shell32.lib ole32.lib oleaut32.lib uuid.lib odbc32.lib odbccp32.lib kernel32.lib user32.lib gdi32.lib winspool.lib comdlg32.lib advapi32.lib shell32.lib ole32.lib oleaut32.lib uuid.lib odbc32.lib odbccp32.lib /MANIFEST /ManifestFile:"Debug\maze.exe.intermediate.manifest" /MANIFESTUAC:"level='asInvoker' uiAccess='false'" /DEBUG /PDB:"E:\project\maze\maze\Debug\maze.pdb" /SUBSYSTEM:CONSOLE /TLBID:1 /DYNAMICBASE /NXCOMPAT /IMPLIB:"E:\project\maze\maze\Debug\maze.lib" /MACHINE:X86 Debug\maze.exe.embed.manifest.res
         Debug\function.obj
         Debug\main.obj
       Manifest:
         C:\Program Files (x86)\Microsoft SDKs\Windows\v7.0A\bin\mt.exe /nologo /verbose /out:"Debug\maze.exe.embed.manifest" /manifest Debug\maze.exe.intermediate.manifest
         所有输出均为最新。
       LinkEmbedManifest:
         所有输出均为最新。
         maze.vcxproj -> E:\project\maze\maze\Debug\maze.exe
       FinalizeBuildStatus:
         正在删除文件“Debug\maze.unsuccessfulbuild”。
         正在对“Debug\maze.lastbuildstate”执行 Touch 任务。
     1>已完成生成项目“E:\project\maze\maze\maze\maze.vcxproj”(build 个目标)的操作。

生成成功。

已用时间 00:00:01.20
